c:\datos g fm\universidad\tpv1\ahora\practicas-tpv1\practica 1cargame\cargame\cargame\debug\vc142.pdb
c:\datos g fm\universidad\tpv1\ahora\practicas-tpv1\practica 1cargame\cargame\cargame\debug\vc142.idb
c:\datos g fm\universidad\tpv1\ahora\practicas-tpv1\practica 1cargame\cargame\cargame\debug\texture.obj
c:\datos g fm\universidad\tpv1\ahora\practicas-tpv1\practica 1cargame\cargame\cargame\debug\main.obj
c:\datos g fm\universidad\tpv1\ahora\practicas-tpv1\practica 1cargame\cargame\cargame\debug\wall.obj
c:\datos g fm\universidad\tpv1\ahora\practicas-tpv1\practica 1cargame\cargame\cargame\debug\gameobject.obj
c:\datos g fm\universidad\tpv1\ahora\practicas-tpv1\practica 1cargame\cargame\cargame\debug\car.obj
c:\datos g fm\universidad\tpv1\ahora\practicas-tpv1\practica 1cargame\cargame\cargame\debug\game.obj
c:\datos g fm\universidad\tpv1\ahora\practicas-tpv1\practica 1cargame\cargame\cargame\debug\viewcontroller.obj
c:\datos g fm\universidad\tpv1\ahora\practicas-tpv1\practica 1cargame\cargame\cargame\debug\gameobjectcontainer.obj
c:\datos g fm\universidad\tpv1\ahora\practicas-tpv1\practica 1cargame\cargame\cargame\debug\powerup.obj
c:\datos g fm\universidad\tpv1\ahora\practicas-tpv1\practica 1cargame\cargame\cargame\debug\gameobjectgenerator.obj
c:\datos g fm\universidad\tpv1\ahora\p2avance\cargame\cargame\debug\vc142.pdb
c:\datos g fm\universidad\tpv1\ahora\p2avance\cargame\cargame\debug\vc142.idb
c:\datos g fm\universidad\tpv1\ahora\p2avance\cargame\cargame\debug\texture.obj
c:\datos g fm\universidad\tpv1\ahora\p2avance\cargame\cargame\debug\main.obj
c:\datos g fm\universidad\tpv1\ahora\p2avance\cargame\cargame\debug\wall.obj
c:\datos g fm\universidad\tpv1\ahora\p2avance\cargame\cargame\debug\powerup.obj
c:\datos g fm\universidad\tpv1\ahora\p2avance\cargame\cargame\debug\gameobjectgenerator.obj
c:\datos g fm\universidad\tpv1\ahora\p2avance\cargame\cargame\debug\gameobject.obj
c:\datos g fm\universidad\tpv1\ahora\p2avance\cargame\cargame\debug\car.obj
c:\datos g fm\universidad\tpv1\ahora\p2avance\cargame\cargame\debug\gameobjectcontainer.obj
c:\datos g fm\universidad\tpv1\ahora\p2avance\cargame\cargame\debug\game.obj
c:\datos g fm\universidad\tpv1\ahora\p2avance\cargame\cargame\debug\viewcontroller.obj
c:\datos g fm\universidad\tpv1\ahora\practicas-tpv1\practica 1cargame\cargame\cargame\debug\quitcommand.obj
c:\datos g fm\universidad\tpv1\ahora\practicas-tpv1\practica 1cargame\cargame\cargame\debug\badobject.obj
c:\datos g fm\universidad\tpv1\ahora\practicas-tpv1\practica 1cargame\cargame\cargame\debug\acccommand.obj
c:\datos g fm\universidad\tpv1\ahora\practicas-tpv1\practica 1cargame\cargame\cargame\debug\movecommand.obj
c:\datos g fm\universidad\tpv1\ahora\practicas-tpv1\practica 1cargame\cargame\cargame\debug\helpcommand.obj
c:\datos g fm\universidad\tpv1\ahora\practicas-tpv1\practica 1cargame\cargame\cargame\debug\goodobject.obj
c:\datos g fm\universidad\tpv1\ahora\practicas-tpv1\practica 1cargame\cargame\cargame\debug\nextcommand.obj
c:\datos g fm\universidad\tpv1\ahora\practicas-tpv1\practica 1cargame\cargame\cargame\debug\infobar.obj
c:\datos g fm\universidad\tpv1\ahora\p2avance\cargame\bin\cargamepr1debug.exe
c:\datos g fm\universidad\tpv1\ahora\p2avance\cargame\bin\cargamepr1debug.ilk
c:\datos g fm\universidad\tpv1\ahora\p2avance\cargame\bin\cargamepr1debug.pdb
c:\datos g fm\universidad\tpv1\ahora\practicas-tpv1\practica 1cargame\cargame\bin\cargamepr1debug.exe
c:\datos g fm\universidad\tpv1\ahora\practicas-tpv1\practica 1cargame\cargame\bin\cargamepr1debug.ilk
c:\datos g fm\universidad\tpv1\ahora\practicas-tpv1\practica 1cargame\cargame\bin\cargamepr1debug.pdb
c:\datos g fm\universidad\tpv1\ahora\practicas-tpv1\practica 1cargame\cargame\cargame\debug\gameobjectgenerator.obj.enc
c:\datos g fm\universidad\tpv1\ahora\practicas-tpv1\practica 1cargame\cargame\cargame\debug\cargamepr1debug.ilk
c:\datos g fm\universidad\tpv1\ahora\practicas-tpv1\practica 1cargame\cargame\cargame\debug\cargamepr1.tlog\cl.command.1.tlog
c:\datos g fm\universidad\tpv1\ahora\practicas-tpv1\practica 1cargame\cargame\cargame\debug\cargamepr1.tlog\cl.read.1.tlog
c:\datos g fm\universidad\tpv1\ahora\practicas-tpv1\practica 1cargame\cargame\cargame\debug\cargamepr1.tlog\cl.write.1.tlog
c:\datos g fm\universidad\tpv1\ahora\practicas-tpv1\practica 1cargame\cargame\cargame\debug\cargamepr1.tlog\link.command.1.tlog
c:\datos g fm\universidad\tpv1\ahora\practicas-tpv1\practica 1cargame\cargame\cargame\debug\cargamepr1.tlog\link.delete.1.tlog
c:\datos g fm\universidad\tpv1\ahora\practicas-tpv1\practica 1cargame\cargame\cargame\debug\cargamepr1.tlog\link.read.1.tlog
c:\datos g fm\universidad\tpv1\ahora\practicas-tpv1\practica 1cargame\cargame\cargame\debug\cargamepr1.tlog\link.write.1.tlog
