c:\users\master\downloads\practica3\practica 1cargame\cargame\cargame\debug\vc142.pdb
c:\users\master\downloads\practica3\practica 1cargame\cargame\cargame\debug\vc142.idb
c:\users\master\downloads\practica3\practica 1cargame\cargame\cargame\debug\texture.obj
c:\users\master\downloads\practica3\practica 1cargame\cargame\cargame\debug\infobar.obj
c:\users\master\downloads\practica3\practica 1cargame\cargame\cargame\debug\main.obj
c:\users\master\downloads\practica3\practica 1cargame\cargame\cargame\debug\wall.obj
c:\users\master\downloads\practica3\practica 1cargame\cargame\cargame\debug\powerup.obj
c:\users\master\downloads\practica3\practica 1cargame\cargame\cargame\debug\goodobject.obj
c:\users\master\downloads\practica3\practica 1cargame\cargame\cargame\debug\gameobject.obj
c:\users\master\downloads\practica3\practica 1cargame\cargame\cargame\debug\car.obj
c:\users\master\downloads\practica3\practica 1cargame\cargame\cargame\debug\badobject.obj
c:\users\master\downloads\practica3\practica 1cargame\cargame\cargame\debug\gameobjectcontainer.obj
c:\users\master\downloads\practica3\practica 1cargame\cargame\cargame\debug\viewcontroller.obj
c:\users\master\downloads\practica3\practica 1cargame\cargame\cargame\debug\quitcommand.obj
c:\users\master\downloads\practica3\practica 1cargame\cargame\cargame\debug\nextcommand.obj
c:\users\master\downloads\practica3\practica 1cargame\cargame\cargame\debug\movecommand.obj
c:\users\master\downloads\practica3\practica 1cargame\cargame\cargame\debug\helpcommand.obj
c:\users\master\downloads\practica3\practica 1cargame\cargame\cargame\debug\acccommand.obj
c:\users\master\downloads\practica3\practica 1cargame\cargame\cargame\debug\superrock.obj
c:\users\master\downloads\practica3\practica 1cargame\cargame\cargame\debug\gameobjectgenerator.obj
c:\users\master\downloads\practica3\practica 1cargame\cargame\cargame\debug\game.obj
c:\users\master\downloads\practica3\practica 1cargame\cargame\cargame\debug\wavecommand.obj
c:\users\master\downloads\practica3\practica 1cargame\cargame\cargame\debug\shootcommand.obj
c:\users\master\downloads\practica3\practica 1cargame\cargame\cargame\debug\truck.obj
c:\users\master\downloads\practica3\practica 1cargame\cargame\bin\cargamepr1debug.ilk
c:\users\master\downloads\practica3\practica 1cargame\cargame\bin\cargamepr1debug.exe
c:\users\master\downloads\practica3\practica 1cargame\cargame\bin\cargamepr1debug.pdb
c:\users\master\downloads\practica3\practica 1cargame\cargame\cargame\debug\cargamepr1debug.ilk
c:\users\master\downloads\practica3\practica 1cargame\cargame\cargame\debug\cargamepr1.tlog\cl.command.1.tlog
c:\users\master\downloads\practica3\practica 1cargame\cargame\cargame\debug\cargamepr1.tlog\cl.read.1.tlog
c:\users\master\downloads\practica3\practica 1cargame\cargame\cargame\debug\cargamepr1.tlog\cl.write.1.tlog
c:\users\master\downloads\practica3\practica 1cargame\cargame\cargame\debug\cargamepr1.tlog\link.command.1.tlog
c:\users\master\downloads\practica3\practica 1cargame\cargame\cargame\debug\cargamepr1.tlog\link.delete.1.tlog
c:\users\master\downloads\practica3\practica 1cargame\cargame\cargame\debug\cargamepr1.tlog\link.read.1.tlog
c:\users\master\downloads\practica3\practica 1cargame\cargame\cargame\debug\cargamepr1.tlog\link.write.1.tlog
